This file contains any messages produced by compilers while
running configure, to aid debugging if configure makes a mistake.

It was created by gibbon configure 0.2.0, which was
generated by GNU Autoconf 2.71.  Invocation command line was

  $ ./configure 'CC=gcc -fcommon' --no-create --no-recursion

## --------- ##
## Platform. ##
## --------- ##

hostname = bach
uname -m = x86_64
uname -r = 6.1.0-6-amd64
uname -s = Linux
uname -v = #1 SMP PREEMPT_DYNAMIC Debian 6.1.15-1 (2023-03-05)

/usr/bin/uname -p = unknown
/bin/uname -X     = unknown

/bin/arch              = x86_64
/usr/bin/arch -k       = unknown
/usr/convex/getsysinfo = unknown
/usr/bin/hostinfo      = unknown
/bin/machine           = unknown
/usr/bin/oslevel       = unknown
/bin/universe          = unknown

PATH: /sbin/
PATH: /bin/
PATH: /usr/bin/
PATH: /usr/sbin/
PATH: /usr/local/sbin/
PATH: /usr/local/bin/


## ----------- ##
## Core tests. ##
## ----------- ##

configure:2542: looking for aux files: compile ltmain.sh config.guess config.sub missing install-sh
configure:2555:  trying ./
configure:2584:   ./compile found
configure:2584:   ./ltmain.sh found
configure:2584:   ./config.guess found
configure:2584:   ./config.sub found
configure:2584:   ./missing found
configure:2566:   ./install-sh found
configure:2716: checking for a BSD-compatible install
configure:2789: result: /bin/install -c
configure:2800: checking whether build environment is sane
configure:2850: result: yes
configure:3003: checking for a race-free mkdir -p
configure:3047: result: /bin/mkdir -p
configure:3060: checking for gawk
configure:3081: found /bin/gawk
configure:3092: result: gawk
configure:3103: checking whether make sets $(MAKE)
configure:3126: result: yes
configure:3214: checking whether make supports nested variables
configure:3232: result: yes
configure:3250: checking build system type
configure:3265: result: x86_64-unknown-linux-gnu
configure:3285: checking host system type
configure:3299: result: x86_64-unknown-linux-gnu
configure:3321: checking whether to enable maintainer-specific portions of Makefiles
configure:3331: result: no
configure:3345: checking for native Windows
configure:3457: result: no
configure:3498: checking for style of include used by make
configure:3526: result: GNU
configure:3603: checking for gcc
configure:3635: result: gcc -fcommon
configure:3988: checking for C compiler version
configure:3997: gcc -fcommon --version >&5
gcc (Debian 12.2.0-14) 12.2.0
Copyright (C) 2022 Free Software Foundation, Inc.
This is free software; see the source for copying conditions.  There is NO
warranty; not even for MERCHANTABILITY or FITNESS FOR A PARTICULAR PURPOSE.

configure:4008: $? = 0
configure:3997: gcc -fcommon -v >&5
Using built-in specs.
COLLECT_GCC=gcc
COLLECT_LTO_WRAPPER=/usr/lib/gcc/x86_64-linux-gnu/12/lto-wrapper
OFFLOAD_TARGET_NAMES=nvptx-none:amdgcn-amdhsa
OFFLOAD_TARGET_DEFAULT=1
Target: x86_64-linux-gnu
Configured with: ../src/configure -v --with-pkgversion='Debian 12.2.0-14' --with-bugurl=file:///usr/share/doc/gcc-12/README.Bugs --enable-languages=c,ada,c++,go,d,fortran,objc,obj-c++,m2 --prefix=/usr --with-gcc-major-version-only --program-suffix=-12 --program-prefix=x86_64-linux-gnu- --enable-shared --enable-linker-build-id --libexecdir=/usr/lib --without-included-gettext --enable-threads=posix --libdir=/usr/lib --enable-nls --enable-clocale=gnu --enable-libstdcxx-debug --enable-libstdcxx-time=yes --with-default-libstdcxx-abi=new --enable-gnu-unique-object --disable-vtable-verify --enable-plugin --enable-default-pie --with-system-zlib --enable-libphobos-checking=release --with-target-system-zlib=auto --enable-objc-gc=auto --enable-multiarch --disable-werror --enable-cet --with-arch-32=i686 --with-abi=m64 --with-multilib-list=m32,m64,mx32 --enable-multilib --with-tune=generic --enable-offload-targets=nvptx-none=/build/gcc-12-bTRWOB/gcc-12-12.2.0/debian/tmp-nvptx/usr,amdgcn-amdhsa=/build/gcc-12-bTRWOB/gcc-12-12.2.0/debian/tmp-gcn/usr --enable-offload-defaulted --without-cuda-driver --enable-checking=release --build=x86_64-linux-gnu --host=x86_64-linux-gnu --target=x86_64-linux-gnu
Thread model: posix
Supported LTO compression algorithms: zlib zstd
gcc version 12.2.0 (Debian 12.2.0-14) 
... rest of stderr output deleted ...
configure:4008: $? = 0
configure:3997: gcc -fcommon -V >&5
gcc: error: unrecognized command-line option '-V'
gcc: fatal error: no input files
compilation terminated.
configure:4008: $? = 1
configure:3997: gcc -fcommon -qversion >&5
gcc: error: unrecognized command-line option '-qversion'; did you mean '--version'?
gcc: fatal error: no input files
compilation terminated.
configure:4008: $? = 1
configure:3997: gcc -fcommon -version >&5
gcc: error: unrecognized command-line option '-version'
gcc: fatal error: no input files
compilation terminated.
configure:4008: $? = 1
configure:4028: checking whether the C compiler works
configure:4050: gcc -fcommon    conftest.c  >&5
configure:4054: $? = 0
configure:4104: result: yes
configure:4107: checking for C compiler default output file name
configure:4109: result: a.out
configure:4115: checking for suffix of executables
configure:4122: gcc -fcommon -o conftest    conftest.c  >&5
configure:4126: $? = 0
configure:4149: result: 
configure:4171: checking whether we are cross compiling
configure:4179: gcc -fcommon -o conftest    conftest.c  >&5
configure:4183: $? = 0
configure:4190: ./conftest
configure:4194: $? = 0
configure:4209: result: no
configure:4214: checking for suffix of object files
configure:4237: gcc -fcommon -c   conftest.c >&5
configure:4241: $? = 0
configure:4263: result: o
configure:4267: checking whether the compiler supports GNU C
configure:4287: gcc -fcommon -c   conftest.c >&5
configure:4287: $? = 0
configure:4297: result: yes
configure:4308: checking whether gcc -fcommon accepts -g
configure:4329: gcc -fcommon -c -g  conftest.c >&5
configure:4329: $? = 0
configure:4373: result: yes
configure:4393: checking for gcc -fcommon option to enable C11 features
configure:4408: gcc -fcommon  -c -g -O2  conftest.c >&5
configure:4408: $? = 0
configure:4426: result: none needed
configure:4538: checking dependency style of gcc -fcommon
configure:4650: result: gcc3
configure:4671: checking how to run the C preprocessor
configure:4697: gcc -fcommon -E  conftest.c
configure:4697: $? = 0
configure:4712: gcc -fcommon -E  conftest.c
conftest.c:11:10: fatal error: ac_nonexistent.h: No such file or directory
   11 | #include <ac_nonexistent.h>
      |          ^~~~~~~~~~~~~~~~~~
compilation terminated.
configure:4712: $? = 1
configure: failed program was:
| /* confdefs.h */
| #define PACKAGE_NAME "gibbon"
| #define PACKAGE_TARNAME "gibbon"
| #define PACKAGE_VERSION "0.2.0"
| #define PACKAGE_STRING "gibbon 0.2.0"
| #define PACKAGE_BUGREPORT "mailto:guido@imperia.net"
| #define PACKAGE_URL "http://guido-flohr.net/projects/gibbon"
| #define PACKAGE "gibbon"
| #define VERSION "0.2.0"
| /* end confdefs.h.  */
| #include <ac_nonexistent.h>
configure:4739: result: gcc -fcommon -E
configure:4753: gcc -fcommon -E  conftest.c
configure:4753: $? = 0
configure:4768: gcc -fcommon -E  conftest.c
conftest.c:11:10: fatal error: ac_nonexistent.h: No such file or directory
   11 | #include <ac_nonexistent.h>
      |          ^~~~~~~~~~~~~~~~~~
compilation terminated.
configure:4768: $? = 1
configure: failed program was:
| /* confdefs.h */
| #define PACKAGE_NAME "gibbon"
| #define PACKAGE_TARNAME "gibbon"
| #define PACKAGE_VERSION "0.2.0"
| #define PACKAGE_STRING "gibbon 0.2.0"
| #define PACKAGE_BUGREPORT "mailto:guido@imperia.net"
| #define PACKAGE_URL "http://guido-flohr.net/projects/gibbon"
| #define PACKAGE "gibbon"
| #define VERSION "0.2.0"
| /* end confdefs.h.  */
| #include <ac_nonexistent.h>
configure:4810: gcc -fcommon -E  conftest.c
conftest.c:11:26: error: missing terminating > character
   11 | #include <Carbon/Carbon.h
      |                          ^
conftest.c:11:10: fatal error: Carbon/Carbon.h: No such file or directory
   11 | #include <Carbon/Carbon.h
      |          ^
compilation terminated.
configure:4810: $? = 1
configure: failed program was:
| /* confdefs.h */
| #define PACKAGE_NAME "gibbon"
| #define PACKAGE_TARNAME "gibbon"
| #define PACKAGE_VERSION "0.2.0"
| #define PACKAGE_STRING "gibbon 0.2.0"
| #define PACKAGE_BUGREPORT "mailto:guido@imperia.net"
| #define PACKAGE_URL "http://guido-flohr.net/projects/gibbon"
| #define PACKAGE "gibbon"
| #define VERSION "0.2.0"
| /* end confdefs.h.  */
| #include <Carbon/Carbon.h
| int
| main (void)
| {
| #include <CoreServices/CoreServices.h
|   ;
|   return 0;
| }
configure:4817: checking for Mac OS X Carbon support
configure:4819: result: no
configure:4905: checking how to print strings
configure:4932: result: printf
configure:4953: checking for a sed that does not truncate output
configure:5023: result: /bin/sed
configure:5041: checking for grep that handles long lines and -e
configure:5105: result: /bin/grep
configure:5110: checking for egrep
configure:5178: result: /bin/grep -E
configure:5183: checking for fgrep
configure:5251: result: /bin/grep -F
configure:5287: checking for ld used by gcc -fcommon
configure:5355: result: /bin/ld
configure:5362: checking if the linker (/bin/ld) is GNU ld
configure:5378: result: yes
configure:5390: checking for BSD- or MS-compatible name lister (nm)
configure:5440: result: /bin/nm -B
configure:5580: checking the name lister (/bin/nm -B) interface
configure:5588: gcc -fcommon -c -g -O2  conftest.c >&5
configure:5591: /bin/nm -B "conftest.o"
configure:5594: output
0000000000000000 B some_variable
configure:5601: result: BSD nm
configure:5604: checking whether ln -s works
configure:5608: result: yes
configure:5616: checking the maximum length of command line arguments
configure:5742: result: 1572864
configure:5759: checking whether the shell understands some XSI constructs
configure:5769: result: yes
configure:5773: checking whether the shell understands "+="
configure:5779: result: yes
configure:5814: checking how to convert x86_64-unknown-linux-gnu file names to x86_64-unknown-linux-gnu format
configure:5855: result: func_convert_file_noop
configure:5862: checking how to convert x86_64-unknown-linux-gnu file names to toolchain format
configure:5883: result: func_convert_file_noop
configure:5890: checking for /bin/ld option to reload object files
configure:5898: result: -r
configure:5977: checking for objdump
configure:5998: found /bin/objdump
configure:6009: result: objdump
configure:6041: checking how to recognize dependent libraries
configure:6244: result: pass_all
configure:6334: checking for dlltool
configure:6369: result: no
configure:6399: checking how to associate runtime and link libraries
configure:6427: result: printf %s\n
configure:6492: checking for ar
configure:6513: found /bin/ar
configure:6524: result: ar
configure:6561: checking for archiver @FILE support
configure:6579: gcc -fcommon -c -g -O2  conftest.c >&5
configure:6579: $? = 0
configure:6583: ar cru libconftest.a @conftest.lst >&5
ar: `u' modifier ignored since `D' is the default (see `U')
configure:6586: $? = 0
configure:6591: ar cru libconftest.a @conftest.lst >&5
ar: `u' modifier ignored since `D' is the default (see `U')
ar: conftest.o: No such file or directory
configure:6594: $? = 1
configure:6606: result: @
configure:6669: checking for strip
configure:6690: found /bin/strip
configure:6701: result: strip
configure:6778: checking for ranlib
configure:6799: found /bin/ranlib
configure:6810: result: ranlib
configure:6912: checking command to parse /bin/nm -B output from gcc -fcommon object
configure:7032: gcc -fcommon -c -g -O2  conftest.c >&5
configure:7035: $? = 0
configure:7039: /bin/nm -B conftest.o \| sed -n -e 's/^.*[ ]\([ABCDGIRSTW][ABCDGIRSTW]*\)[ ][ ]*\([_A-Za-z][_A-Za-z0-9]*\)$/\1 \2 \2/p' | sed '/ __gnu_lto/d' \> conftest.nm
configure:7042: $? = 0
configure:7108: gcc -fcommon -o conftest -g -O2   conftest.c conftstm.o >&5
configure:7111: $? = 0
configure:7149: result: ok
configure:7186: checking for sysroot
configure:7217: result: no
configure:7295: gcc -fcommon -c -g -O2  conftest.c >&5
configure:7298: $? = 0
configure:7468: checking for mt
configure:7489: found /bin/mt
configure:7500: result: mt
configure:7523: checking if mt is a manifest tool
configure:7530: mt '-?'
configure:7538: result: no
configure:8223: checking for stdio.h
configure:8223: gcc -fcommon -c -g -O2  conftest.c >&5
configure:8223: $? = 0
configure:8223: result: yes
configure:8223: checking for stdlib.h
configure:8223: gcc -fcommon -c -g -O2  conftest.c >&5
configure:8223: $? = 0
configure:8223: result: yes
configure:8223: checking for string.h
configure:8223: gcc -fcommon -c -g -O2  conftest.c >&5
configure:8223: $? = 0
configure:8223: result: yes
configure:8223: checking for inttypes.h
configure:8223: gcc -fcommon -c -g -O2  conftest.c >&5
configure:8223: $? = 0
configure:8223: result: yes
configure:8223: checking for stdint.h
configure:8223: gcc -fcommon -c -g -O2  conftest.c >&5
configure:8223: $? = 0
configure:8223: result: yes
configure:8223: checking for strings.h
configure:8223: gcc -fcommon -c -g -O2  conftest.c >&5
configure:8223: $? = 0
configure:8223: result: yes
configure:8223: checking for sys/stat.h
configure:8223: gcc -fcommon -c -g -O2  conftest.c >&5
configure:8223: $? = 0
configure:8223: result: yes
configure:8223: checking for sys/types.h
configure:8223: gcc -fcommon -c -g -O2  conftest.c >&5
configure:8223: $? = 0
configure:8223: result: yes
configure:8223: checking for unistd.h
configure:8223: gcc -fcommon -c -g -O2  conftest.c >&5
configure:8223: $? = 0
configure:8223: result: yes
configure:8248: checking for dlfcn.h
configure:8248: gcc -fcommon -c -g -O2  conftest.c >&5
configure:8248: $? = 0
configure:8248: result: yes
configure:8436: checking for objdir
configure:8452: result: .libs
configure:8723: checking if gcc -fcommon supports -fno-rtti -fno-exceptions
configure:8742: gcc -fcommon -c -g -O2  -fno-rtti -fno-exceptions conftest.c >&5
cc1: warning: command-line option '-fno-rtti' is valid for C++/D/ObjC++ but not for C
configure:8746: $? = 0
configure:8759: result: no
configure:9069: checking for gcc -fcommon option to produce PIC
configure:9077: result: -fPIC -DPIC
configure:9085: checking if gcc -fcommon PIC flag -fPIC -DPIC works
configure:9104: gcc -fcommon -c -g -O2  -fPIC -DPIC -DPIC conftest.c >&5
configure:9108: $? = 0
configure:9121: result: yes
configure:9150: checking if gcc -fcommon static flag -static works
configure:9179: result: yes
configure:9194: checking if gcc -fcommon supports -c -o file.o
configure:9216: gcc -fcommon -c -g -O2  -o out/conftest2.o conftest.c >&5
configure:9220: $? = 0
configure:9242: result: yes
configure:9250: checking if gcc -fcommon supports -c -o file.o
configure:9298: result: yes
configure:9331: checking whether the gcc -fcommon linker (/bin/ld -m elf_x86_64) supports shared libraries
configure:10496: result: yes
configure:10533: checking whether -lc should be explicitly linked in
configure:10542: gcc -fcommon -c -g -O2  conftest.c >&5
configure:10545: $? = 0
configure:10560: gcc -fcommon -shared  -fPIC -DPIC conftest.o  -v -Wl,-soname -Wl,conftest -o conftest 2\>\&1 \| /bin/grep  -lc  \>/dev/null 2\>\&1
configure:10563: $? = 0
configure:10577: result: no
configure:10742: checking dynamic linker characteristics
configure:11270: gcc -fcommon -o conftest -g -O2   -Wl,-rpath -Wl,/foo conftest.c  >&5
configure:11270: $? = 0
configure:11494: result: GNU/Linux ld.so
configure:11601: checking how to hardcode library paths into programs
configure:11626: result: immediate
configure:12170: checking whether stripping libraries is possible
configure:12175: result: yes
configure:12210: checking if libtool supports shared libraries
configure:12212: result: yes
configure:12215: checking whether to build shared libraries
configure:12236: result: yes
configure:12239: checking whether to build static libraries
configure:12243: result: yes
configure:12280: checking whether NLS is requested
configure:12290: result: yes
configure:12308: checking for intltool >= 0.40.6
configure:12310: result: 0.51.0 found
configure:12318: checking for intltool-update
configure:12341: found /bin/intltool-update
configure:12353: result: /bin/intltool-update
configure:12363: checking for intltool-merge
configure:12386: found /bin/intltool-merge
configure:12398: result: /bin/intltool-merge
configure:12408: checking for intltool-extract
configure:12431: found /bin/intltool-extract
configure:12443: result: /bin/intltool-extract
configure:12597: checking for xgettext
configure:12620: found /bin/xgettext
configure:12632: result: /bin/xgettext
configure:12642: checking for msgmerge
configure:12665: found /bin/msgmerge
configure:12677: result: /bin/msgmerge
configure:12687: checking for msgfmt
configure:12710: found /bin/msgfmt
configure:12722: result: /bin/msgfmt
configure:12732: checking for gmsgfmt
configure:12768: result: /bin/msgfmt
configure:12788: checking for perl
configure:12811: found /bin/perl
configure:12823: result: /bin/perl
configure:12834: checking for perl >= 5.8.1
configure:12841: result: 5.36.0
configure:12845: checking for XML::Parser
configure:12848: result: ok
configure:12873: gcc -fcommon -o conftest -g -O2   conftest.c  >&5
configure:12873: $? = 0
configure:12904: checking for lwp-request
configure:12927: found /bin/lwp-request
configure:12939: result: /bin/lwp-request
configure:12949: checking for lynx
configure:12972: found /bin/lynx
configure:12984: result: /bin/lynx
configure:12994: checking for links
configure:13032: result: no
configure:13039: checking for w3m
configure:13077: result: no
configure:13084: checking for wget
configure:13107: found /bin/wget
configure:13119: result: /bin/wget
configure:13187: checking for pkg-config
configure:13210: found /bin/pkg-config
configure:13222: result: /bin/pkg-config
configure:13247: checking pkg-config is at least version 0.9.0
configure:13250: result: yes
configure:13259: checking for library containing strerror
configure:13289: gcc -fcommon -o conftest -g -O2   conftest.c  >&5
configure:13289: $? = 0
configure:13309: result: none required
configure:13371: checking for gcc
configure:13403: result: gcc -fcommon
configure:13756: checking for C compiler version
configure:13765: gcc -fcommon --version >&5
gcc (Debian 12.2.0-14) 12.2.0
Copyright (C) 2022 Free Software Foundation, Inc.
This is free software; see the source for copying conditions.  There is NO
warranty; not even for MERCHANTABILITY or FITNESS FOR A PARTICULAR PURPOSE.

configure:13776: $? = 0
configure:13765: gcc -fcommon -v >&5
Using built-in specs.
COLLECT_GCC=gcc
COLLECT_LTO_WRAPPER=/usr/lib/gcc/x86_64-linux-gnu/12/lto-wrapper
OFFLOAD_TARGET_NAMES=nvptx-none:amdgcn-amdhsa
OFFLOAD_TARGET_DEFAULT=1
Target: x86_64-linux-gnu
Configured with: ../src/configure -v --with-pkgversion='Debian 12.2.0-14' --with-bugurl=file:///usr/share/doc/gcc-12/README.Bugs --enable-languages=c,ada,c++,go,d,fortran,objc,obj-c++,m2 --prefix=/usr --with-gcc-major-version-only --program-suffix=-12 --program-prefix=x86_64-linux-gnu- --enable-shared --enable-linker-build-id --libexecdir=/usr/lib --without-included-gettext --enable-threads=posix --libdir=/usr/lib --enable-nls --enable-clocale=gnu --enable-libstdcxx-debug --enable-libstdcxx-time=yes --with-default-libstdcxx-abi=new --enable-gnu-unique-object --disable-vtable-verify --enable-plugin --enable-default-pie --with-system-zlib --enable-libphobos-checking=release --with-target-system-zlib=auto --enable-objc-gc=auto --enable-multiarch --disable-werror --enable-cet --with-arch-32=i686 --with-abi=m64 --with-multilib-list=m32,m64,mx32 --enable-multilib --with-tune=generic --enable-offload-targets=nvptx-none=/build/gcc-12-bTRWOB/gcc-12-12.2.0/debian/tmp-nvptx/usr,amdgcn-amdhsa=/build/gcc-12-bTRWOB/gcc-12-12.2.0/debian/tmp-gcn/usr --enable-offload-defaulted --without-cuda-driver --enable-checking=release --build=x86_64-linux-gnu --host=x86_64-linux-gnu --target=x86_64-linux-gnu
Thread model: posix
Supported LTO compression algorithms: zlib zstd
gcc version 12.2.0 (Debian 12.2.0-14) 
... rest of stderr output deleted ...
configure:13776: $? = 0
configure:13765: gcc -fcommon -V >&5
gcc: error: unrecognized command-line option '-V'
gcc: fatal error: no input files
compilation terminated.
configure:13776: $? = 1
configure:13765: gcc -fcommon -qversion >&5
gcc: error: unrecognized command-line option '-qversion'; did you mean '--version'?
gcc: fatal error: no input files
compilation terminated.
configure:13776: $? = 1
configure:13765: gcc -fcommon -version >&5
gcc: error: unrecognized command-line option '-version'
gcc: fatal error: no input files
compilation terminated.
configure:13776: $? = 1
configure:13780: checking whether the compiler supports GNU C
configure:13810: result: yes
configure:13821: checking whether gcc -fcommon accepts -g
configure:13886: result: yes
configure:13906: checking for gcc -fcommon option to enable C11 features
configure:13939: result: none needed
configure:14051: checking dependency style of gcc -fcommon
configure:14163: result: gcc3
configure:14179: checking whether gcc -fcommon and cc understand -c and -o together
configure:14211: gcc -fcommon -c conftest.c -o conftest2.o >&5
configure:14215: $? = 0
configure:14221: gcc -fcommon -c conftest.c -o conftest2.o >&5
configure:14225: $? = 0
configure:14236: cc -c conftest.c >&5
configure:14240: $? = 0
configure:14248: cc -c conftest.c -o conftest2.o >&5
configure:14252: $? = 0
configure:14258: cc -c conftest.c -o conftest2.o >&5
configure:14262: $? = 0
configure:14280: result: yes
configure:14307: checking whether make sets $(MAKE)
configure:14330: result: yes
configure:14341: checking for gzip
configure:14364: found /bin/gzip
configure:14376: result: /bin/gzip
configure:14388: checking for bison
configure:14423: result: no
configure:14388: checking for byacc
configure:14409: found /bin/byacc
configure:14420: result: byacc
configure:14436: checking for flex
configure:14471: result: no
configure:14436: checking for lex
configure:14471: result: no
configure:14724: checking for egrep
configure:14792: result: /bin/grep -E
configure:14799: checking for locale.h
configure:14799: gcc -fcommon -c -g -O2  conftest.c >&5
configure:14799: $? = 0
configure:14799: result: yes
configure:14807: checking for LC_MESSAGES
configure:14824: gcc -fcommon -o conftest -g -O2   conftest.c  >&5
configure:14824: $? = 0
configure:14833: result: yes
configure:14850: checking for libintl.h
configure:14850: gcc -fcommon -c -g -O2  conftest.c >&5
configure:14850: $? = 0
configure:14850: result: yes
configure:14859: checking for ngettext in libc
configure:14878: gcc -fcommon -o conftest -g -O2   conftest.c  >&5
configure:14878: $? = 0
configure:14888: result: yes
configure:14892: checking for dgettext in libc
configure:14911: gcc -fcommon -o conftest -g -O2   conftest.c  >&5
configure:14911: $? = 0
configure:14921: result: yes
configure:14926: checking for bind_textdomain_codeset
configure:14926: gcc -fcommon -o conftest -g -O2   conftest.c  >&5
configure:14926: $? = 0
configure:14926: result: yes
configure:15196: checking for msgfmt
configure:15224: result: /bin/msgfmt
configure:15233: checking for dcgettext
configure:15233: gcc -fcommon -o conftest -g -O2   conftest.c   >&5
conftest.c:44:6: warning: conflicting types for built-in function 'dcgettext'; expected 'char *(const char *, const char *, int)' [-Wbuiltin-declaration-mismatch]
   44 | char dcgettext ();
      |      ^~~~~~~~~
configure:15233: $? = 0
configure:15233: result: yes
configure:15241: checking if msgfmt accepts -c
configure:15256: $MSGFMT -c -o /dev/null conftest.foo
conftest.foo:3: warning: header field 'Language' missing in header
configure:15259: $? = 0
configure:15261: result: yes
configure:15271: checking for gmsgfmt
configure:15307: result: /bin/msgfmt
configure:15317: checking for xgettext
configure:15345: result: /bin/xgettext
configure:15364: gcc -fcommon -o conftest -g -O2   conftest.c   >&5
configure:15364: $? = 0
configure:15522: checking for GIBBON
configure:15529: $PKG_CONFIG --exists --print-errors "glib-2.0 >= $gibbon_glib_version
    librsvg-2.0 >= 2.32.1
    gtk+-2.0 >= 2.24.0
    gthread-2.0 >= 2.20.5
    libpng >= 0.23
    libxml-2.0 >= 2.7.3
    sqlite3 >= 3.6.19
    zlib >= 1.2.3
"
configure:15548: $? = 0
configure:15570: $PKG_CONFIG --exists --print-errors "glib-2.0 >= $gibbon_glib_version
    librsvg-2.0 >= 2.32.1
    gtk+-2.0 >= 2.24.0
    gthread-2.0 >= 2.20.5
    libpng >= 0.23
    libxml-2.0 >= 2.7.3
    sqlite3 >= 3.6.19
    zlib >= 1.2.3
"
configure:15589: $? = 0
configure:15679: result: yes
configure:15686: checking for gethostbyname in -lnsl
configure:15709: gcc -fcommon -o conftest -g -O2   conftest.c -lnsl   >&5
configure:15709: $? = 0
configure:15719: result: yes
configure:15729: checking for connect in -lsocket
configure:15752: gcc -fcommon -o conftest -g -O2   conftest.c -lsocket  -lnsl  >&5
/bin/ld: cannot find -lsocket: No such file or directory
collect2: error: ld returned 1 exit status
configure:15752: $? = 1
configure: failed program was:
| /* confdefs.h */
| #define PACKAGE_NAME "gibbon"
| #define PACKAGE_TARNAME "gibbon"
| #define PACKAGE_VERSION "0.2.0"
| #define PACKAGE_STRING "gibbon 0.2.0"
| #define PACKAGE_BUGREPORT "mailto:guido@imperia.net"
| #define PACKAGE_URL "http://guido-flohr.net/projects/gibbon"
| #define PACKAGE "gibbon"
| #define VERSION "0.2.0"
| #define HAVE_STDIO_H 1
| #define HAVE_STDLIB_H 1
| #define HAVE_STRING_H 1
| #define HAVE_INTTYPES_H 1
| #define HAVE_STDINT_H 1
| #define HAVE_STRINGS_H 1
| #define HAVE_SYS_STAT_H 1
| #define HAVE_SYS_TYPES_H 1
| #define HAVE_UNISTD_H 1
| #define STDC_HEADERS 1
| #define HAVE_DLFCN_H 1
| #define LT_OBJDIR ".libs/"
| #define GETTEXT_PACKAGE "gibbon"
| #define HAVE_LOCALE_H 1
| #define HAVE_LC_MESSAGES 1
| #define HAVE_BIND_TEXTDOMAIN_CODESET 1
| #define HAVE_GETTEXT 1
| #define HAVE_DCGETTEXT 1
| #define ENABLE_NLS 1
| #define HAVE_LIBNSL 1
| /* end confdefs.h.  */
| 
| /* Override any GCC internal prototype to avoid an error.
|    Use char because int might match the return type of a GCC
|    builtin and then its argument prototype would still apply.  */
| char connect ();
| int
| main (void)
| {
| return connect ();
|   ;
|   return 0;
| }
configure:15762: result: no
configure:15772: checking for jpeg_start_decompress in -ljpeg
configure:15795: gcc -fcommon -o conftest -g -O2   conftest.c -ljpeg  -lnsl  >&5
configure:15795: $? = 0
configure:15805: result: yes
configure:15816: checking for res_query
configure:15816: gcc -fcommon -o conftest -g -O2   conftest.c -lnsl  >&5
configure:15816: $? = 0
configure:15816: result: yes
configure:15942: checking for index
configure:15942: gcc -fcommon -o conftest -g -O2   conftest.c -lnsl  >&5
conftest.c:47:6: warning: conflicting types for built-in function 'index'; expected 'char *(const char *, int)' [-Wbuiltin-declaration-mismatch]
   47 | char index ();
      |      ^~~~~
configure:15942: $? = 0
configure:15942: result: yes
configure:15948: checking for rindex
configure:15948: gcc -fcommon -o conftest -g -O2   conftest.c -lnsl  >&5
conftest.c:48:6: warning: conflicting types for built-in function 'rindex'; expected 'char *(const char *, int)' [-Wbuiltin-declaration-mismatch]
   48 | char rindex ();
      |      ^~~~~~
configure:15948: $? = 0
configure:15948: result: yes
configure:15956: checking for xlocale.h
configure:15956: gcc -fcommon -c -g -O2  conftest.c >&5
conftest.c:61:10: fatal error: xlocale.h: No such file or directory
   61 | #include <xlocale.h>
      |          ^~~~~~~~~~~
compilation terminated.
configure:15956: $? = 1
configure: failed program was:
| /* confdefs.h */
| #define PACKAGE_NAME "gibbon"
| #define PACKAGE_TARNAME "gibbon"
| #define PACKAGE_VERSION "0.2.0"
| #define PACKAGE_STRING "gibbon 0.2.0"
| #define PACKAGE_BUGREPORT "mailto:guido@imperia.net"
| #define PACKAGE_URL "http://guido-flohr.net/projects/gibbon"
| #define PACKAGE "gibbon"
| #define VERSION "0.2.0"
| #define HAVE_STDIO_H 1
| #define HAVE_STDLIB_H 1
| #define HAVE_STRING_H 1
| #define HAVE_INTTYPES_H 1
| #define HAVE_STDINT_H 1
| #define HAVE_STRINGS_H 1
| #define HAVE_SYS_STAT_H 1
| #define HAVE_SYS_TYPES_H 1
| #define HAVE_UNISTD_H 1
| #define STDC_HEADERS 1
| #define HAVE_DLFCN_H 1
| #define LT_OBJDIR ".libs/"
| #define GETTEXT_PACKAGE "gibbon"
| #define HAVE_LOCALE_H 1
| #define HAVE_LC_MESSAGES 1
| #define HAVE_BIND_TEXTDOMAIN_CODESET 1
| #define HAVE_GETTEXT 1
| #define HAVE_DCGETTEXT 1
| #define ENABLE_NLS 1
| #define HAVE_LIBNSL 1
| #define HAVE_INDEX 1
| #define HAVE_RINDEX 1
| /* end confdefs.h.  */
| #include <stddef.h>
| #ifdef HAVE_STDIO_H
| # include <stdio.h>
| #endif
| #ifdef HAVE_STDLIB_H
| # include <stdlib.h>
| #endif
| #ifdef HAVE_STRING_H
| # include <string.h>
| #endif
| #ifdef HAVE_INTTYPES_H
| # include <inttypes.h>
| #endif
| #ifdef HAVE_STDINT_H
| # include <stdint.h>
| #endif
| #ifdef HAVE_STRINGS_H
| # include <strings.h>
| #endif
| #ifdef HAVE_SYS_TYPES_H
| # include <sys/types.h>
| #endif
| #ifdef HAVE_SYS_STAT_H
| # include <sys/stat.h>
| #endif
| #ifdef HAVE_UNISTD_H
| # include <unistd.h>
| #endif
| #include <xlocale.h>
configure:15956: result: no
configure:15963: checking for newlocale
configure:15963: gcc -fcommon -o conftest -g -O2   conftest.c -lnsl  >&5
configure:15963: $? = 0
configure:15963: result: yes
configure:15969: checking for uselocale
configure:15969: gcc -fcommon -o conftest -g -O2   conftest.c -lnsl  >&5
configure:15969: $? = 0
configure:15969: result: yes
configure:16053: checking for pkg-config
configure:16088: result: /bin/pkg-config
configure:16113: checking pkg-config is at least version 0.16
configure:16116: result: yes
configure:16235: checking for gtkdoc-check
configure:16258: found /bin/gtkdoc-check
configure:16270: result: /bin/gtkdoc-check
configure:16282: checking for gtkdoc-rebase
configure:16305: found /bin/gtkdoc-rebase
configure:16317: result: /bin/gtkdoc-rebase
configure:16331: checking for gtkdoc-mkpdf
configure:16354: found /bin/gtkdoc-mkpdf
configure:16366: result: /bin/gtkdoc-mkpdf
configure:16502: checking whether to build gtk-doc documentation
configure:16504: result: no
configure:16574: checking for perl
configure:16597: found /bin/perl
configure:16609: result: /bin/perl
configure:16619: checking for chmod
configure:16642: found /bin/chmod
configure:16654: result: /bin/chmod
configure:16688: checking for itstool
configure:16709: found /bin/itstool
configure:16720: result: itstool
configure:16735: checking for xmllint
configure:16756: found /bin/xmllint
configure:16767: result: xmllint
configure:17121: creating ./config.status

## ---------------- ##
## Cache variables. ##
## ---------------- ##

ac_cv_build=x86_64-unknown-linux-gnu
ac_cv_c_compiler_gnu=yes
ac_cv_env_CC_set=set
ac_cv_env_CC_value='gcc -fcommon'
ac_cv_env_CFLAGS_set=
ac_cv_env_CFLAGS_value=
ac_cv_env_CPPFLAGS_set=
ac_cv_env_CPPFLAGS_value=
ac_cv_env_CPP_set=
ac_cv_env_CPP_value=
ac_cv_env_GIBBON_CFLAGS_set=
ac_cv_env_GIBBON_CFLAGS_value=
ac_cv_env_GIBBON_LIBS_set=
ac_cv_env_GIBBON_LIBS_value=
ac_cv_env_GTKDOC_DEPS_CFLAGS_set=
ac_cv_env_GTKDOC_DEPS_CFLAGS_value=
ac_cv_env_GTKDOC_DEPS_LIBS_set=
ac_cv_env_GTKDOC_DEPS_LIBS_value=
ac_cv_env_ITSTOOL_set=
ac_cv_env_ITSTOOL_value=
ac_cv_env_LDFLAGS_set=
ac_cv_env_LDFLAGS_value=
ac_cv_env_LIBS_set=
ac_cv_env_LIBS_value=
ac_cv_env_PKG_CONFIG_LIBDIR_set=
ac_cv_env_PKG_CONFIG_LIBDIR_value=
ac_cv_env_PKG_CONFIG_PATH_set=
ac_cv_env_PKG_CONFIG_PATH_value=
ac_cv_env_PKG_CONFIG_set=
ac_cv_env_PKG_CONFIG_value=
ac_cv_env_XMLLINT_set=
ac_cv_env_XMLLINT_value=
ac_cv_env_YACC_set=
ac_cv_env_YACC_value=
ac_cv_env_YFLAGS_set=
ac_cv_env_YFLAGS_value=
ac_cv_env_build_alias_set=
ac_cv_env_build_alias_value=
ac_cv_env_host_alias_set=
ac_cv_env_host_alias_value=
ac_cv_env_target_alias_set=
ac_cv_env_target_alias_value=
ac_cv_func_bind_textdomain_codeset=yes
ac_cv_func_dcgettext=yes
ac_cv_func_index=yes
ac_cv_func_newlocale=yes
ac_cv_func_res_query=yes
ac_cv_func_rindex=yes
ac_cv_func_uselocale=yes
ac_cv_header_dlfcn_h=yes
ac_cv_header_inttypes_h=yes
ac_cv_header_libintl_h=yes
ac_cv_header_locale_h=yes
ac_cv_header_stdint_h=yes
ac_cv_header_stdio_h=yes
ac_cv_header_stdlib_h=yes
ac_cv_header_string_h=yes
ac_cv_header_strings_h=yes
ac_cv_header_sys_stat_h=yes
ac_cv_header_sys_types_h=yes
ac_cv_header_unistd_h=yes
ac_cv_header_xlocale_h=no
ac_cv_host=x86_64-unknown-linux-gnu
ac_cv_lib_jpeg_jpeg_start_decompress=yes
ac_cv_lib_nsl_gethostbyname=yes
ac_cv_lib_socket_connect=no
ac_cv_objext=o
ac_cv_path_EGREP='/bin/grep -E'
ac_cv_path_FGREP='/bin/grep -F'
ac_cv_path_GCREATE_CLASS_CHMOD=/bin/chmod
ac_cv_path_GCREATE_CLASS_PERL=/bin/perl
ac_cv_path_GMSGFMT=/bin/msgfmt
ac_cv_path_GREP=/bin/grep
ac_cv_path_GTKDOC_CHECK=/bin/gtkdoc-check
ac_cv_path_GTKDOC_MKPDF=/bin/gtkdoc-mkpdf
ac_cv_path_GTKDOC_REBASE=/bin/gtkdoc-rebase
ac_cv_path_GZIP=/bin/gzip
ac_cv_path_INTLTOOL_EXTRACT=/bin/intltool-extract
ac_cv_path_INTLTOOL_MERGE=/bin/intltool-merge
ac_cv_path_INTLTOOL_PERL=/bin/perl
ac_cv_path_INTLTOOL_UPDATE=/bin/intltool-update
ac_cv_path_LWP_REQUEST=/bin/lwp-request
ac_cv_path_LYNX=/bin/lynx
ac_cv_path_MSGFMT=/bin/msgfmt
ac_cv_path_MSGMERGE=/bin/msgmerge
ac_cv_path_SED=/bin/sed
ac_cv_path_WGET=/bin/wget
ac_cv_path_XGETTEXT=/bin/xgettext
ac_cv_path_ac_pt_PKG_CONFIG=/bin/pkg-config
ac_cv_path_install='/bin/install -c'
ac_cv_path_mkdir=/bin/mkdir
ac_cv_prog_AWK=gawk
ac_cv_prog_CPP='gcc -fcommon -E'
ac_cv_prog_ITSTOOL=itstool
ac_cv_prog_XMLLINT=xmllint
ac_cv_prog_YACC=byacc
ac_cv_prog_ac_ct_AR=ar
ac_cv_prog_ac_ct_CC='gcc -fcommon'
ac_cv_prog_ac_ct_MANIFEST_TOOL=mt
ac_cv_prog_ac_ct_OBJDUMP=objdump
ac_cv_prog_ac_ct_RANLIB=ranlib
ac_cv_prog_ac_ct_STRIP=strip
ac_cv_prog_cc_c11=
ac_cv_prog_cc_g=yes
ac_cv_prog_cc_gcc_c_o=yes
ac_cv_prog_cc_stdc=
ac_cv_prog_make_make_set=yes
ac_cv_search_strerror='none required'
am_cv_CC_dependencies_compiler_type=gcc3
am_cv_make_support_nested_variables=yes
am_cv_val_LC_MESSAGES=yes
gt_cv_func_dgettext_libc=yes
gt_cv_func_dgettext_libintl=no
gt_cv_func_ngettext_libc=yes
gt_cv_have_gettext=yes
lt_cv_ar_at_file=@
lt_cv_archive_cmds_need_lc=no
lt_cv_deplibs_check_method=pass_all
lt_cv_file_magic_cmd='$MAGIC_CMD'
lt_cv_file_magic_test_file=
lt_cv_ld_reload_flag=-r
lt_cv_nm_interface='BSD nm'
lt_cv_objdir=.libs
lt_cv_path_LD=/bin/ld
lt_cv_path_NM='/bin/nm -B'
lt_cv_path_mainfest_tool=no
lt_cv_prog_compiler_c_o=yes
lt_cv_prog_compiler_pic='-fPIC -DPIC'
lt_cv_prog_compiler_pic_works=yes
lt_cv_prog_compiler_rtti_exceptions=no
lt_cv_prog_compiler_static_works=yes
lt_cv_prog_gnu_ld=yes
lt_cv_sharedlib_from_linklib_cmd='printf %s\n'
lt_cv_shlibpath_overrides_runpath=yes
lt_cv_sys_global_symbol_pipe='sed -n -e '\''s/^.*[	 ]\([ABCDGIRSTW][ABCDGIRSTW]*\)[	 ][	 ]*\([_A-Za-z][_A-Za-z0-9]*\)$/\1 \2 \2/p'\'' | sed '\''/ __gnu_lto/d'\'''
lt_cv_sys_global_symbol_to_c_name_address='sed -n -e '\''s/^: \([^ ]*\)[ ]*$/  {\"\1\", (void *) 0},/p'\'' -e '\''s/^[ABCDGIRSTW]* \([^ ]*\) \([^ ]*\)$/  {"\2", (void *) \&\2},/p'\'''
lt_cv_sys_global_symbol_to_c_name_address_lib_prefix='sed -n -e '\''s/^: \([^ ]*\)[ ]*$/  {\"\1\", (void *) 0},/p'\'' -e '\''s/^[ABCDGIRSTW]* \([^ ]*\) \(lib[^ ]*\)$/  {"\2", (void *) \&\2},/p'\'' -e '\''s/^[ABCDGIRSTW]* \([^ ]*\) \([^ ]*\)$/  {"lib\2", (void *) \&\2},/p'\'''
lt_cv_sys_global_symbol_to_cdecl='sed -n -e '\''s/^T .* \(.*\)$/extern int \1();/p'\'' -e '\''s/^[ABCDGIRSTW]* .* \(.*\)$/extern char \1;/p'\'''
lt_cv_sys_max_cmd_len=1572864
lt_cv_to_host_file_cmd=func_convert_file_noop
lt_cv_to_tool_file_cmd=func_convert_file_noop
pkg_cv_GIBBON_CFLAGS='-I/usr/include/glib-2.0 -I/usr/lib/x86_64-linux-gnu/glib-2.0/include -I/usr/include/librsvg-2.0 -I/usr/include/libmount -I/usr/include/blkid -I/usr/include/gdk-pixbuf-2.0 -I/usr/include/libpng16 -I/usr/include/x86_64-linux-gnu -I/usr/include/cairo -I/usr/include/pixman-1 -I/usr/include/freetype2 -I/usr/include/gtk-2.0 -I/usr/lib/x86_64-linux-gnu/gtk-2.0/include -I/usr/include/pango-1.0 -I/usr/include/harfbuzz -I/usr/include/fribidi -I/usr/include/atk-1.0 -pthread -I/usr/include/libxml2 '
pkg_cv_GIBBON_LIBS='-lrsvg-2 -lm -lgtk-x11-2.0 -lgdk-x11-2.0 -lpangocairo-1.0 -latk-1.0 -lcairo -lgdk_pixbuf-2.0 -lgio-2.0 -lpangoft2-1.0 -lpango-1.0 -lgobject-2.0 -lharfbuzz -lfontconfig -lfreetype -lgthread-2.0 -pthread -lglib-2.0 -lpng16 -lxml2 -lsqlite3 -lz '

## ----------------- ##
## Output variables. ##
## ----------------- ##

























		$(INSTALL_DATA) $^ "$(DESTDIR)$(gsettingsschemadir)"; \
		test -n "$(GSETTINGS_DISABLE_SCHEMAS_COMPILE)$(DESTDIR)" || $(GLIB_COMPILE_SCHEMAS) $(gsettingsschemadir); \
		test -z "$(gsettingsschemadir)" || $(MKDIR_P) "$(DESTDIR)$(gsettingsschemadir)"; \
	      $(INSTALL_DATA) "$$d$$lc/$$f" "$$helpdir$$f" || exit 1; \
	      $(LN_S) -f "$(HELP_DIR)/C/$(HELP_ID)/$$f" "$$helpdir$$f" || exit 1; \
	      echo "$(INSTALL_DATA) $$d$$lc/$$f $$helpdir$$f"; \
	      echo "$(LN_S) -f $(HELP_DIR)/C/$(HELP_ID)/$$f $$helpdir$$f"; \
	    $(ITSTOOL) -o "$(notdir $@).tmp" $(_HELP_C_FILES) && \
	    $(ITSTOOL) -o "$(notdir $@).tmp" $(_HELP_C_FILES) && \
	    $(XMLLINT) --noout --noent --path "$$xmlpath" --xinclude "$$d$$lc/$$page"; \
	    cp -p "$$d$$lc/$$file" "$(distdir)/$$lc/" || exit 1; \
	    d="$(srcdir)/"; \
	    echo "$(XMLLINT) --noout --noent --path $$xmlpath --xinclude $$d$$lc/$$page"; \
	    echo "rm -f $$helpdir$$f"; \
	    elif test "x$$lc" != "xC"; then \
	    fi; \
	    helpdir="$(DESTDIR)$(HELP_DIR)/$$lc/$(HELP_ID)/"; \
	    helpdir="$(DESTDIR)$(HELP_DIR)/$$lc/$(HELP_ID)/"; \
	    if ! test -d "$$helpdir$$mdir"; then $(mkinstalldirs) "$$helpdir$$mdir"; fi; \
	    if test "x$mdir" = "x."; then mdir=""; fi; \
	    if test -f "$$d$$lc/$$f"; then \
	    if test -f "$$lc$$f"; then d=; else d="$(srcdir)/"; fi; \
	    if test -f "$$lc/$$file"; then d=./; else d=$(srcdir)/; fi; \
	    mdir=`dirname "$$f"`; \
	    msgmerge -o "$(notdir $@)" "$(notdir $@)" "$(notdir $@).tmp" && \
	    mv "$(notdir $@).tmp" "$(notdir $@)"); \
	    rm "$(notdir $@).tmp"); \
	    rm -f "$$helpdir$$f"; \
	    then d=; \
	    xmlpath="$$lc"; \
	    xmlpath="$$lc:$(srcdir)/$$lc"; \
	  $(INSTALL_DATA) "$$d$$f" "$$helpdir`basename $$f`" || exit 1; \
	  $(INSTALL_DATA) "$$d$$lc/$$f" "$$helpdir`basename $$f`" || exit 1; \
	  $(MKDIR_P) "$(distdir)/$$lc"; \
	  $(mkinstalldirs) "$(DESTDIR)$(HELP_DIR)/$$lc/$(HELP_ID)" || exit 1; \
	  (cd "$(dir $@)" && \
	  (cd "$(dir $@)" && \
	  done; \
	  done; \
	  done; \
	  done; \
	  echo "$(INSTALL_DATA) $$d$$f $$helpdir`basename $$f`"; \
	  echo "$(INSTALL_DATA) $$d$$lc/$$f $$helpdir`basename $$f`"; \
	  echo "rm -f $$helpdir`basename $$f`"; \
	  echo "rm -f $$helpdir`basename $$f`"; \
	  else \
	  fi; \
	  for file in $(HELP_FILES); do \
	  for lc in C $(_HELP_LINGUAS); do \
	  for lc in C $(_HELP_LINGUAS); do \
	  for page in $(HELP_FILES); do \
	  helpdir="$(DESTDIR)$(HELP_DIR)/$$lc/$(HELP_ID)/"; \
	  helpdir="$(DESTDIR)$(HELP_DIR)/$$lc/$(HELP_ID)/"; \
	  helpdir="$(DESTDIR)$(HELP_DIR)/$$lc/$(HELP_ID)/"; \
	  helpdir="$(DESTDIR)$(HELP_DIR)/$$lc/$(HELP_ID)/"; \
	  if ! test -d "$$helpdir"; then $(mkinstalldirs) "$$helpdir"; fi; \
	  if ! test -d "$$helpdir"; then $(mkinstalldirs) "$$helpdir"; fi; \
	  if test "x$(_HELP_V)" = "x0"; then echo "  GEN    $${po}"; fi; \
	  if test -d "$$lc"; \
	  if test -f "$$f"; then d=; else d="$(srcdir)/"; fi; \
	  if test -f "$$lc/$$f"; then d=; else d="$(srcdir)/"; fi; \
	  lc=`dirname "$$f"`; lc=`basename "$$lc"`; \
	  lc=`dirname "$$f"`; lc=`basename "$$lc"`; \
	  msgmerge -q -o "$${po}" "$${po}" "$(_HELP_POTFILE)"; \
	  rm -f "$$helpdir`basename $$f`"; \
	  rm -f "$$helpdir`basename $$f`"; \
	$(AM_V_GEN) glib-mkenums --comments '\''<!-- @comment@ -->'\'' --fhead "<schemalist>" --vhead "  <@type@ id='\''$(gsettings_ENUM_NAMESPACE).@EnumName@'\''>" --vprod "    <value nick='\''@valuenick@'\'' value='\''@valuenum@'\''/>" --vtail "  </@type@>" --ftail "</schemalist>" $^ > $@.tmp && mv $@.tmp $@
	$(AM_V_GEN) if test -f "$<"; then d=; else d="$(srcdir)/"; fi; $(GLIB_COMPILE_SCHEMAS) --strict --dry-run $(addprefix --schema-file=,$(gsettings__enum_file)) --schema-file=$${d}$< && touch $@
	$(AM_V_GEN)$(ITSTOOL) -o "$@" $(_HELP_C_FILES)
	$(AM_V_GEN)if ! test -f "$@"; then \
	$(AM_V_GEN)msgfmt -o "$@" "$<"
	$(AM_V_at)for po in $(_HELP_POFILES); do \
	$(AM_V_at)if ! test -d "$(dir $@)"; then mkdir "$(dir $@)"; fi
	$(AM_V_at)if ! test -d "$(dir $@)"; then mkdir "$(dir $@)"; fi
	$(AM_V_at)if ! test -d "$(dir $@)"; then mkdir "$(dir $@)"; fi
	$(AM_V_at)if test ! -f "$@" -a -f "$(srcdir)/$@"; then cp "$(srcdir)/$@" "$@"; fi
	$(_HELP_LC_VERBOSE)if test -d "C"; then d="../"; else d="$(abs_srcdir)/"; fi; \
	(cd "$(dir $@)" && $(ITSTOOL) -m "$${mo}" $(foreach f,$(_HELP_C_FILES),$${d}/$(f))) && \
	@$(NORMAL_INSTALL)
	@$(NORMAL_UNINSTALL)
	@for f in $(HELP_MEDIA); do \
	@for f in $(HELP_MEDIA); do \
	@for f in $(_HELP_C_EXTRA); do \
	@for f in $(_HELP_C_EXTRA); do \
	@for lc in C $(HELP_LINGUAS); do \
	@for lc in C $(_HELP_LINGUAS); do \
	@for lc in C $(_HELP_LINGUAS); do for f in $(HELP_FILES); do \
	@list='\''$(gsettings_SCHEMAS) $(gsettings__enum_file)'\''; test -n "$(gsettingsschemadir)" || list=; \
	cd "$(DESTDIR)$(gsettingsschemadir)" && rm -f $$files
	done
	done
	done
	done
	done
	done
	done;
	done; \
	done; done
	done; done
	echo " ( cd '\''$(DESTDIR)$(gsettingsschemadir)'\'' && rm -f" $$files ")"; \
	else \
	fi
	fi
	files=`for p in $$list; do echo $$p; done | sed -e '\''s|^.*/||'\''`; \
	for lc in C $(_HELP_LINGUAS); do \
	for lc in C $(_HELP_LINGUAS); do for f in $(HELP_FILES); do \
	if test -f "$${mo}"; then mo="../$${mo}"; else mo="$(abs_srcdir)/$${mo}"; fi; \
	if test -n "$^"; then \
	mo="$(dir $@)$(patsubst %/$(notdir $@),%,$@).mo"; \
	rm -f $(_HELP_LC_FILES) $(_HELP_LC_STAMPS) $(_HELP_MOFILES)
	rm -f $(gsettings_SCHEMAS:.xml=.valid) $(gsettings__enum_file)
	test -n "$$files" || exit 0; \
	test -n "$(GSETTINGS_DISABLE_SCHEMAS_COMPILE)$(DESTDIR)" || $(GLIB_COMPILE_SCHEMAS) $(gsettingsschemadir)
	touch "$@"
$(_HELP_LC_FILES): $(_HELP_LINGUAS)
$(_HELP_LC_STAMPS): $(_HELP_C_FILES) $(_HELP_C_EXTRA)
$(_HELP_LC_STAMPS): %.stamp: %.mo
$(_HELP_LINGUAS): $(_HELP_LC_STAMPS)
$(_HELP_MOFILES): %.mo: %.po
$(_HELP_POFILES):
$(_HELP_POTFILE): $(_HELP_C_FILES) $(_HELP_C_EXTRA) $(_HELP_C_MEDIA)
$(gsettings__enum_file): $(gsettings_ENUM_FILES)
%.gschema.valid: %.gschema.xml $(gsettings__enum_file)
'
.PHONY : uninstall-gsettings-schemas install-gsettings-schemas clean-gsettings-schemas
.PHONY: check-help
.PHONY: clean-help
.PHONY: install-help
.PHONY: pot
.PHONY: repo
.PHONY: uninstall-help
.SECONDARY: $(gsettings_SCHEMAS)
ACLOCAL='${SHELL} /home/ns/goodgibbon/missing --run aclocal-1.11'
ACLOCAL_AMFLAGS=' -I m4'
ALL_LINGUAS=''
AMDEPBACKSLASH='\'
AMDEP_FALSE='#'
AMDEP_TRUE=''
AMTAR='$${TAR-tar}'
AM_BACKSLASH='\'
AM_DEFAULT_V='$(AM_DEFAULT_VERBOSITY)'
AM_DEFAULT_VERBOSITY='0'
AM_V='$(V)'
AR='ar'
AUTOCONF='${SHELL} /home/ns/goodgibbon/missing --run autoconf'
AUTOHEADER='${SHELL} /home/ns/goodgibbon/missing --run autoheader'
AUTOMAKE='${SHELL} /home/ns/goodgibbon/missing --run automake-1.11'
AWK='gawk'
BUILD_HELP_FALSE='#'
BUILD_HELP_TRUE=''
CATALOGS=''
CATOBJEXT='.gmo'
CC='gcc -fcommon'
CCDEPMODE='depmode=gcc3'
CFLAGS='-g -O2'
CPP='gcc -fcommon -E'
CPPFLAGS=''
CYGPATH_W='echo'
DATADIRNAME='share'
DEFS='-DHAVE_CONFIG_H'
DEPDIR='.deps'
DLLTOOL='false'
DSYMUTIL=''
DUMPBIN=''
ECHO_C=''
ECHO_N='-n'
ECHO_T=''
EGREP='/bin/grep -E'
ENABLE_GTK_DOC_FALSE=''
ENABLE_GTK_DOC_TRUE='#'
EXEEXT=''
EXTRA_DIST += $(_HELP_C_EXTRA) $(_HELP_C_MEDIA)
EXTRA_DIST += $(foreach f,$(HELP_MEDIA),$(foreach lc,$(HELP_LINGUAS),$(wildcard $(lc)/$(f))))
EXTRA_DIST += $(foreach lc,$(HELP_LINGUAS),$(lc)/$(lc).po)
EXTRA_DIST += $(foreach lc,$(HELP_LINGUAS),$(lc)/$(lc).stamp)
EXTRA_DIST ?=
FGREP='/bin/grep -F'
GCREATE_CLASS_CHMOD='/bin/chmod'
GCREATE_CLASS_COPYRIGHT='2009-2012 Guido Flohr, http://guido-flohr.net/'
GCREATE_CLASS_DESCRIPTION='Gibbon is a Gtk+ frontend for the First Internet Backgammon Server FIBS.'
GCREATE_CLASS_PERL='/bin/perl'
GETTEXT_PACKAGE='gibbon'
GIBBON_CFLAGS='-I/usr/include/glib-2.0 -I/usr/lib/x86_64-linux-gnu/glib-2.0/include -I/usr/include/librsvg-2.0 -I/usr/include/libmount -I/usr/include/blkid -I/usr/include/gdk-pixbuf-2.0 -I/usr/include/libpng16 -I/usr/include/x86_64-linux-gnu -I/usr/include/cairo -I/usr/include/pixman-1 -I/usr/include/freetype2 -I/usr/include/gtk-2.0 -I/usr/lib/x86_64-linux-gnu/gtk-2.0/include -I/usr/include/pango-1.0 -I/usr/include/harfbuzz -I/usr/include/fribidi -I/usr/include/atk-1.0 -pthread -I/usr/include/libxml2 '
GIBBON_COMMA_VERSION='0,2,0'
GIBBON_GTK_MIGRATION_PRE_FLIGHT_FALSE=''
GIBBON_GTK_MIGRATION_PRE_FLIGHT_TRUE='#'
GIBBON_LIBS='-lrsvg-2 -lm -lgtk-x11-2.0 -lgdk-x11-2.0 -lpangocairo-1.0 -latk-1.0 -lcairo -lgdk_pixbuf-2.0 -lgio-2.0 -lpangoft2-1.0 -lpango-1.0 -lgobject-2.0 -lharfbuzz -lfontconfig -lfreetype -lgthread-2.0 -pthread -lglib-2.0 -lpng16 -lxml2 -lsqlite3 -lz  -ljpeg'
GIBBON_PKGCONFIG_REQUIREMENTS=' glib-2.0 >= 2.26.0, librsvg-2.0 >= 2.32.1, gtk+-2.0 >= 2.24.0, gthread-2.0 >= 2.20.5, libpng >= 0.23, libxml-2.0 >= 2.7.3, sqlite3 >= 3.6.19, zlib >= 1.2.3'
GLIB_COMPILE_SCHEMAS='/usr/lib/x86_64-linux-gnu/glib-2.0/glib-compile-schemas'
GMOFILES=''
GMSGFMT='/bin/msgfmt'
GREP='/bin/grep'
GSETTINGS_DISABLE_SCHEMAS_COMPILE=''
GSETTINGS_RULES='
GTKDOC_CHECK='/bin/gtkdoc-check'
GTKDOC_DEPS_CFLAGS=''
GTKDOC_DEPS_LIBS=''
GTKDOC_MKPDF='/bin/gtkdoc-mkpdf'
GTKDOC_REBASE='/bin/gtkdoc-rebase'
GTK_DOC_BUILD_HTML_FALSE='#'
GTK_DOC_BUILD_HTML_TRUE=''
GTK_DOC_BUILD_PDF_FALSE=''
GTK_DOC_BUILD_PDF_TRUE='#'
GTK_DOC_USE_LIBTOOL_FALSE='#'
GTK_DOC_USE_LIBTOOL_TRUE=''
GTK_DOC_USE_REBASE_FALSE='#'
GTK_DOC_USE_REBASE_TRUE=''
GZIP='/bin/gzip'
HELP_DIR='${datadir}/help'
HELP_EXTRA ?=
HELP_FILES ?=
HELP_ID ?=
HELP_LINGUAS ?=
HELP_MEDIA ?=
HELP_POT ?=
HTML_DIR='${datadir}/gtk-doc/html'
INSTALL_DATA='${INSTALL} -m 644'
INSTALL_PROGRAM='${INSTALL}'
INSTALL_SCRIPT='${INSTALL}'
INSTALL_STRIP_PROGRAM='$(install_sh) -c -s'
INSTOBJEXT='.mo'
INTLLIBS=''
INTLTOOL_CAVES_RULE='%.caves:     %.caves.in     $(INTLTOOL_MERGE) $(wildcard $(top_srcdir)/po/*.po) ; $(INTLTOOL_V_MERGE)LC_ALL=C $(INTLTOOL_MERGE) $(INTLTOOL_V_MERGE_OPTIONS) -d -u -c $(top_builddir)/po/.intltool-merge-cache $(top_srcdir)/po $< $@'
INTLTOOL_DESKTOP_RULE='%.desktop:   %.desktop.in   $(INTLTOOL_MERGE) $(wildcard $(top_srcdir)/po/*.po) ; $(INTLTOOL_V_MERGE)LC_ALL=C $(INTLTOOL_MERGE) $(INTLTOOL_V_MERGE_OPTIONS) -d -u -c $(top_builddir)/po/.intltool-merge-cache $(top_srcdir)/po $< $@'
INTLTOOL_DIRECTORY_RULE='%.directory: %.directory.in $(INTLTOOL_MERGE) $(wildcard $(top_srcdir)/po/*.po) ; $(INTLTOOL_V_MERGE)LC_ALL=C $(INTLTOOL_MERGE) $(INTLTOOL_V_MERGE_OPTIONS) -d -u -c $(top_builddir)/po/.intltool-merge-cache $(top_srcdir)/po $< $@'
INTLTOOL_EXTRACT='/bin/intltool-extract'
INTLTOOL_KBD_RULE='%.kbd:       %.kbd.in       $(INTLTOOL_MERGE) $(wildcard $(top_srcdir)/po/*.po) ; $(INTLTOOL_V_MERGE)LC_ALL=C $(INTLTOOL_MERGE) $(INTLTOOL_V_MERGE_OPTIONS) -x -u -m -c $(top_builddir)/po/.intltool-merge-cache $(top_srcdir)/po $< $@'
INTLTOOL_KEYS_RULE='%.keys:      %.keys.in      $(INTLTOOL_MERGE) $(wildcard $(top_srcdir)/po/*.po) ; $(INTLTOOL_V_MERGE)LC_ALL=C $(INTLTOOL_MERGE) $(INTLTOOL_V_MERGE_OPTIONS) -k -u -c $(top_builddir)/po/.intltool-merge-cache $(top_srcdir)/po $< $@'
INTLTOOL_MERGE='/bin/intltool-merge'
INTLTOOL_OAF_RULE='%.oaf:       %.oaf.in       $(INTLTOOL_MERGE) $(wildcard $(top_srcdir)/po/*.po) ; $(INTLTOOL_V_MERGE)LC_ALL=C $(INTLTOOL_MERGE) $(INTLTOOL_V_MERGE_OPTIONS) -o -p $(top_srcdir)/po $< $@'
INTLTOOL_PERL='/bin/perl'
INTLTOOL_POLICY_RULE='%.policy:    %.policy.in    $(INTLTOOL_MERGE) $(wildcard $(top_srcdir)/po/*.po) ; $(INTLTOOL_V_MERGE)LC_ALL=C $(INTLTOOL_MERGE) $(INTLTOOL_V_MERGE_OPTIONS) -x -u -c $(top_builddir)/po/.intltool-merge-cache $(top_srcdir)/po $< $@'
INTLTOOL_PONG_RULE='%.pong:      %.pong.in      $(INTLTOOL_MERGE) $(wildcard $(top_srcdir)/po/*.po) ; $(INTLTOOL_V_MERGE)LC_ALL=C $(INTLTOOL_MERGE) $(INTLTOOL_V_MERGE_OPTIONS) -x -u -c $(top_builddir)/po/.intltool-merge-cache $(top_srcdir)/po $< $@'
INTLTOOL_PROP_RULE='%.prop:      %.prop.in      $(INTLTOOL_MERGE) $(wildcard $(top_srcdir)/po/*.po) ; $(INTLTOOL_V_MERGE)LC_ALL=C $(INTLTOOL_MERGE) $(INTLTOOL_V_MERGE_OPTIONS) -d -u -c $(top_builddir)/po/.intltool-merge-cache $(top_srcdir)/po $< $@'
INTLTOOL_SCHEMAS_RULE='%.schemas:   %.schemas.in   $(INTLTOOL_MERGE) $(wildcard $(top_srcdir)/po/*.po) ; $(INTLTOOL_V_MERGE)LC_ALL=C $(INTLTOOL_MERGE) $(INTLTOOL_V_MERGE_OPTIONS) -s -u -c $(top_builddir)/po/.intltool-merge-cache $(top_srcdir)/po $< $@'
INTLTOOL_SERVER_RULE='%.server:    %.server.in    $(INTLTOOL_MERGE) $(wildcard $(top_srcdir)/po/*.po) ; $(INTLTOOL_V_MERGE)LC_ALL=C $(INTLTOOL_MERGE) $(INTLTOOL_V_MERGE_OPTIONS) -o -u -c $(top_builddir)/po/.intltool-merge-cache $(top_srcdir)/po $< $@'
INTLTOOL_SERVICE_RULE='%.service: %.service.in   $(INTLTOOL_MERGE) $(wildcard $(top_srcdir)/po/*.po) ; $(INTLTOOL_V_MERGE)LC_ALL=C $(INTLTOOL_MERGE) $(INTLTOOL_V_MERGE_OPTIONS) -d -u -c $(top_builddir)/po/.intltool-merge-cache $(top_srcdir)/po $< $@'
INTLTOOL_SHEET_RULE='%.sheet:     %.sheet.in     $(INTLTOOL_MERGE) $(wildcard $(top_srcdir)/po/*.po) ; $(INTLTOOL_V_MERGE)LC_ALL=C $(INTLTOOL_MERGE) $(INTLTOOL_V_MERGE_OPTIONS) -x -u -c $(top_builddir)/po/.intltool-merge-cache $(top_srcdir)/po $< $@'
INTLTOOL_SOUNDLIST_RULE='%.soundlist: %.soundlist.in $(INTLTOOL_MERGE) $(wildcard $(top_srcdir)/po/*.po) ; $(INTLTOOL_V_MERGE)LC_ALL=C $(INTLTOOL_MERGE) $(INTLTOOL_V_MERGE_OPTIONS) -d -u -c $(top_builddir)/po/.intltool-merge-cache $(top_srcdir)/po $< $@'
INTLTOOL_THEME_RULE='%.theme:     %.theme.in     $(INTLTOOL_MERGE) $(wildcard $(top_srcdir)/po/*.po) ; $(INTLTOOL_V_MERGE)LC_ALL=C $(INTLTOOL_MERGE) $(INTLTOOL_V_MERGE_OPTIONS) -d -u -c $(top_builddir)/po/.intltool-merge-cache $(top_srcdir)/po $< $@'
INTLTOOL_UI_RULE='%.ui:        %.ui.in        $(INTLTOOL_MERGE) $(wildcard $(top_srcdir)/po/*.po) ; $(INTLTOOL_V_MERGE)LC_ALL=C $(INTLTOOL_MERGE) $(INTLTOOL_V_MERGE_OPTIONS) -x -u -c $(top_builddir)/po/.intltool-merge-cache $(top_srcdir)/po $< $@'
INTLTOOL_UPDATE='/bin/intltool-update'
INTLTOOL_V_MERGE='$(INTLTOOL__v_MERGE_$(V))'
INTLTOOL_V_MERGE_OPTIONS='$(intltool__v_merge_options_$(V))'
INTLTOOL_XAM_RULE='%.xam:       %.xml.in       $(INTLTOOL_MERGE) $(wildcard $(top_srcdir)/po/*.po) ; $(INTLTOOL_V_MERGE)LC_ALL=C $(INTLTOOL_MERGE) $(INTLTOOL_V_MERGE_OPTIONS) -x -u -c $(top_builddir)/po/.intltool-merge-cache $(top_srcdir)/po $< $@'
INTLTOOL_XML_NOMERGE_RULE='%.xml:       %.xml.in       $(INTLTOOL_MERGE) ; $(INTLTOOL_V_MERGE)LC_ALL=C $(INTLTOOL_MERGE) $(INTLTOOL_V_MERGE_OPTIONS) -x -u --no-translations $< $@'
INTLTOOL_XML_RULE='%.xml:       %.xml.in       $(INTLTOOL_MERGE) $(wildcard $(top_srcdir)/po/*.po) ; $(INTLTOOL_V_MERGE)LC_ALL=C $(INTLTOOL_MERGE) $(INTLTOOL_V_MERGE_OPTIONS) -x -u -c $(top_builddir)/po/.intltool-merge-cache $(top_srcdir)/po $< $@'
INTLTOOL__v_MERGE_0='@echo "  ITMRG " $@;'
INTLTOOL__v_MERGE_='$(INTLTOOL__v_MERGE_$(AM_DEFAULT_VERBOSITY))'
ITSTOOL='itstool'
LD='/bin/ld -m elf_x86_64'
LDFLAGS=''
LEX=':'
LEXLIB=''
LEX_OUTPUT_ROOT=''
LIBOBJS=''
LIBS='-lnsl '
LIBTOOL='$(SHELL) $(top_builddir)/libtool'
LINKS=''
LIPO=''
LN_S='ln -s'
LTLIBOBJS=''
LWP_REQUEST='/bin/lwp-request'
LYNX='/bin/lynx'
MAINT='#'
MAINTAINER_MODE_FALSE=''
MAINTAINER_MODE_TRUE='#'
MAKEINFO='${SHELL} /home/ns/goodgibbon/missing --run makeinfo'
MANIFEST_TOOL=':'
MKDIR_P='/bin/mkdir -p'
MKINSTALLDIRS='.//mkinstalldirs'
MSGFMT='/bin/msgfmt'
MSGFMT_OPTS='-c'
MSGMERGE='/bin/msgmerge'
NM='/bin/nm -B'
NMEDIT=''
OBJDUMP='objdump'
OBJEXT='o'
OSX_FALSE=''
OSX_TRUE='#'
OTOOL64=''
OTOOL=''
PACKAGE='gibbon'
PACKAGE_BUGREPORT='mailto:guido@imperia.net'
PACKAGE_NAME='gibbon'
PACKAGE_STRING='gibbon 0.2.0'
PACKAGE_TARNAME='gibbon'
PACKAGE_URL='http://guido-flohr.net/projects/gibbon'
PACKAGE_VERSION='0.2.0'
PATH_SEPARATOR=':'
PKG_CONFIG='/bin/pkg-config'
PKG_CONFIG_LIBDIR=''
PKG_CONFIG_PATH=''
POFILES=''
POSUB='po'
PO_IN_DATADIR_FALSE=''
PO_IN_DATADIR_TRUE=''
RANLIB='ranlib'
SED='/bin/sed'
SET_MAKE=''
SHELL='/bin/bash'
STRIP='strip'
USE_NLS='yes'
VERSION='0.2.0'
W3M=''
WGET='/bin/wget'
WIN32_FALSE=''
WIN32_TRUE='#'
WINDRES=''
XGETTEXT='/bin/xgettext'
XMLLINT='xmllint'
YACC='byacc'
YELP_HELP_RULES='
YFLAGS=''
_HELP_C_EXTRA = $(foreach f,$(HELP_EXTRA),C/$(f))
_HELP_C_FILES = $(foreach f,$(HELP_FILES),C/$(f))
_HELP_C_MEDIA = $(foreach f,$(HELP_MEDIA),C/$(f))
_HELP_DEFAULT_V = $(if $(AM_DEFAULT_VERBOSITY),$(AM_DEFAULT_VERBOSITY),1)
_HELP_LC_FILES = $(foreach lc,$(_HELP_LINGUAS),$(foreach f,$(HELP_FILES),$(lc)/$(f)))
_HELP_LC_STAMPS = $(foreach lc,$(_HELP_LINGUAS),$(lc)/$(lc).stamp)
_HELP_LC_VERBOSE = $(_HELP_LC_VERBOSE_$(_HELP_V))
_HELP_LC_VERBOSE_ = $(_HELP_LC_VERBOSE_$(_HELP_DEFAULT_V))
_HELP_LC_VERBOSE_0 = @echo "  GEN    "$(dir $@);
_HELP_LINGUAS = $(if $(filter environment,$(origin LINGUAS)),$(filter $(LINGUAS),$(HELP_LINGUAS)),$(HELP_LINGUAS))
_HELP_MOFILES = $(patsubst %.po,%.mo,$(_HELP_POFILES))
_HELP_POFILES = $(if $(HELP_ID),$(foreach lc,$(_HELP_LINGUAS),$(lc)/$(lc).po))
_HELP_POTFILE = $(if $(HELP_POT),$(HELP_POT),$(if $(HELP_ID),$(HELP_ID).pot))
_HELP_V = $(if $(V),$(V),$(_HELP_DEFAULT_V))
ac_ct_AR='ar'
ac_ct_CC='gcc -fcommon'
ac_ct_DUMPBIN=''
all-am: $(gsettings_SCHEMAS:.xml=.valid)
all: $(_HELP_C_FILES) $(_HELP_C_EXTRA) $(_HELP_C_MEDIA) $(_HELP_LC_FILES) $(_HELP_POFILES)
am__EXEEXT_FALSE=''
am__EXEEXT_TRUE='#'
am__fastdepCC_FALSE='#'
am__fastdepCC_TRUE=''
am__include='include'
am__isrc=''
am__leading_dot='.'
am__nodep='_no'
am__quote=''
am__tar='$${TAR-tar} chof - "$$tardir"'
am__untar='$${TAR-tar} xf -'
bindir='${exec_prefix}/bin'
build='x86_64-unknown-linux-gnu'
build_alias=''
build_cpu='x86_64'
build_os='linux-gnu'
build_vendor='unknown'
check-help:
check: check-help
clean-gsettings-schemas:
clean-help:
datadir='${datarootdir}'
datarootdir='${prefix}/share'
distdir-help-files:
distdir: distdir-help-files
docdir='${datarootdir}/doc/${PACKAGE_TARNAME}'
dvidir='${docdir}'
endif'
exec_prefix='${prefix}'
gsettings__enum_file = $(addsuffix .enums.xml,$(gsettings_ENUM_NAMESPACE))
gsettingsschemadir='${datarootdir}/glib-2.0/schemas'
host='x86_64-unknown-linux-gnu'
host_alias=''
host_cpu='x86_64'
host_os='linux-gnu'
host_vendor='unknown'
htmldir='${docdir}'
ifdef gsettings_ENUM_NAMESPACE
includedir='${prefix}/include'
infodir='${datarootdir}/info'
install-data-am: $(if $(HELP_ID),install-help)
install-data-am: install-gsettings-schemas
install-gsettings-schemas: $(gsettings_SCHEMAS) $(gsettings__enum_file)
install-help:
install_sh='${SHELL} /home/ns/goodgibbon/install-sh'
intltool__v_merge_options_0='-q'
intltool__v_merge_options_='$(intltool__v_merge_options_$(AM_DEFAULT_VERBOSITY))'
libdir='${exec_prefix}/lib'
libexecdir='${exec_prefix}/libexec'
localedir='${datarootdir}/locale'
localstatedir='${prefix}/var'
mandir='${datarootdir}/man'
mkdir_p='/bin/mkdir -p'
mostlyclean-am: $(if $(HELP_ID),clean-help)
mostlyclean-am: clean-gsettings-schemas
oldincludedir='/usr/include'
pdfdir='${docdir}'
pot: $(_HELP_POTFILE)
prefix='/usr/local'
program_transform_name='s,x,x,'
psdir='${docdir}'
repo: $(_HELP_POTFILE)
runstatedir='${localstatedir}/run'
sbindir='${exec_prefix}/sbin'
sharedstatedir='${prefix}/com'
sysconfdir='${prefix}/etc'
target_alias=''
uninstall-am: $(if $(HELP_ID),uninstall-help)
uninstall-am: uninstall-gsettings-schemas
uninstall-gsettings-schemas:
uninstall-help:

## ----------- ##
## confdefs.h. ##
## ----------- ##

/* confdefs.h */
#define PACKAGE_NAME "gibbon"
#define PACKAGE_TARNAME "gibbon"
#define PACKAGE_VERSION "0.2.0"
#define PACKAGE_STRING "gibbon 0.2.0"
#define PACKAGE_BUGREPORT "mailto:guido@imperia.net"
#define PACKAGE_URL "http://guido-flohr.net/projects/gibbon"
#define PACKAGE "gibbon"
#define VERSION "0.2.0"
#define HAVE_STDIO_H 1
#define HAVE_STDLIB_H 1
#define HAVE_STRING_H 1
#define HAVE_INTTYPES_H 1
#define HAVE_STDINT_H 1
#define HAVE_STRINGS_H 1
#define HAVE_SYS_STAT_H 1
#define HAVE_SYS_TYPES_H 1
#define HAVE_UNISTD_H 1
#define STDC_HEADERS 1
#define HAVE_DLFCN_H 1
#define LT_OBJDIR ".libs/"
#define GETTEXT_PACKAGE "gibbon"
#define HAVE_LOCALE_H 1
#define HAVE_LC_MESSAGES 1
#define HAVE_BIND_TEXTDOMAIN_CODESET 1
#define HAVE_GETTEXT 1
#define HAVE_DCGETTEXT 1
#define ENABLE_NLS 1
#define HAVE_LIBNSL 1
#define HAVE_INDEX 1
#define HAVE_RINDEX 1
#define HAVE_NEWLOCALE 1
#define HAVE_USELOCALE 1

configure: exit 0

## ---------------------- ##
## Running config.status. ##
## ---------------------- ##

This file was extended by gibbon config.status 0.2.0, which was
generated by GNU Autoconf 2.71.  Invocation command line was

  CONFIG_FILES    = 
  CONFIG_HEADERS  = 
  CONFIG_LINKS    = 
  CONFIG_COMMANDS = 
  $ ./config.status 

on bach

config.status:1470: creating Makefile
config.status:1470: creating gcreate_class.pl
config.status:1470: creating download_uri
config.status:1470: creating libgsgf/Makefile
config.status:1470: creating libgsgf/examples/Makefile
config.status:1470: creating libgsgf/tests/Makefile
config.status:1470: creating libgsgf/tests/compressed-list.sgf
config.status:1470: creating libgsgf/tests/full.sgf
config.status:1470: creating libgsgf/tests/utf-8.sgf
config.status:1470: creating libsvg/Makefile
config.status:1470: creating libsvg-cairo/Makefile
config.status:1470: creating src/Makefile
config.status:1470: creating src/gibbon.rc
config.status:1470: creating data/Makefile
config.status:1470: creating data/gibbon.1
config.status:1470: creating data/gibbon-convert.1
config.status:1470: creating data/gibbon.desktop.in
config.status:1470: creating pixmaps/Makefile
config.status:1470: creating pixmaps/boards/Makefile
config.status:1470: creating pixmaps/icons/Makefile
config.status:1470: creating pixmaps/icons/16x16/Makefile
config.status:1470: creating pixmaps/icons/scalable/Makefile
config.status:1470: creating pixmaps/flags/Makefile
config.status:1470: creating pixmaps/flags/16x16/Makefile
config.status:1470: creating po/Makefile.in
config.status:1470: creating docs/Makefile
config.status:1470: creating docs/reference/Makefile
config.status:1470: creating docs/reference/libgsgf/Makefile
config.status:1470: creating docs/reference/libgsgf/version.xml
config.status:1470: creating help/Makefile
config.status:1470: creating win32/Makefile
config.status:1470: creating win32/gibbon.iss
config.status:1470: creating share/Makefile
config.status:1470: creating share/icons/Makefile
config.status:1470: creating share/icons/application/Makefile
config.status:1470: creating share/icons/application/16x16/Makefile
config.status:1470: creating share/icons/application/22x22/Makefile
config.status:1470: creating share/icons/application/24x24/Makefile
config.status:1470: creating share/icons/application/32x32/Makefile
config.status:1470: creating share/icons/application/48x48/Makefile
config.status:1470: creating share/icons/application/128x128/Makefile
config.status:1470: creating share/icons/application/256x256/Makefile
config.status:1470: creating share/icons/application/scalable/Makefile
config.status:1470: creating config.h
config.status:1651: config.h is unchanged
config.status:1699: executing depfiles commands
config.status:1699: executing libtool commands
config.status:1699: executing default-1 commands
config.status:1699: executing po/stamp-it commands
